<?xml version="1.0" encoding="UTF-8"?>
<!-- Generated by org.testng.reporters.JUnitReportReporter -->
<testsuite skipped="0" hostname="DESKTOP-O1BV280" name="RestAPI.RestAssured.ApiMethodsTests" tests="1" failures="0" timestamp="2021-05-13T16:16:36 IST" time="5.922" errors="0">
  <testcase name="getUserDetailsTest" time="5.922" classname="RestAPI.RestAssured.ApiMethodsTests"/>
</testsuite> <!-- RestAPI.RestAssured.ApiMethodsTests -->
