<?xml version="1.0" encoding="UTF-8"?>
<!-- Generated by org.testng.reporters.JUnitReportReporter -->
<testsuite skipped="1" hostname="DESKTOP-O1BV280" name="RahulShetty.BookTest" tests="4" failures="0" timestamp="2021-05-13T16:16:36 IST" time="2.263" errors="0">
  <testcase name="f" time="0.440" classname="RahulShetty.BookTest"/>
  <testcase name="f" time="1.569" classname="RahulShetty.BookTest"/>
  <testcase name="f" time="0.254" classname="RahulShetty.BookTest"/>
  <testcase name="f2" classname="RahulShetty.BookTest">
    <skipped/>
  </testcase> <!-- f2 -->
</testsuite> <!-- RahulShetty.BookTest -->
