<?xml version="1.0" encoding="UTF-8"?>
<!-- Generated by org.testng.reporters.JUnitReportReporter -->
<testsuite skipped="0" hostname="DESKTOP-O1BV280" name="RestAPI.RestAssured.AppTest" tests="1" failures="0" timestamp="2021-05-13T16:16:37 IST" time="0.016" errors="0">
  <testcase name="testApp" time="0.016" classname="RestAPI.RestAssured.AppTest"/>
</testsuite> <!-- RestAPI.RestAssured.AppTest -->
