<?xml version="1.0" encoding="UTF-8"?>
<!-- Generated by org.testng.reporters.JUnitReportReporter -->
<testsuite skipped="0" hostname="DESKTOP-O1BV280" name="RestAPI.RestAssured.Courseprice" tests="1" failures="0" timestamp="2020-05-10T23:32:43 IST" time="1.929" errors="0">
  <testcase name="getMockedresponse" time="1.929" classname="RestAPI.RestAssured.Courseprice"/>
  <system-out/>
</testsuite> <!-- RestAPI.RestAssured.Courseprice -->
