<?xml version="1.0" encoding="UTF-8"?>
<!-- Generated by org.testng.reporters.JUnitReportReporter -->
<testsuite skipped="0" hostname="DESKTOP-O1BV280" name="RestAPI.RestAssured.ApiMethodsTests" tests="1" failures="0" timestamp="2020-04-27T20:22:01 IST" time="5.017" errors="0">
  <testcase name="getUserDetailsTest" time="5.017" classname="RestAPI.RestAssured.ApiMethodsTests"/>
  <system-out/>
</testsuite> <!-- RestAPI.RestAssured.ApiMethodsTests -->
